<?xml version="1.0" encoding="UTF-8"?>
<!-- Generated by org.testng.reporters.JUnitXMLReporter -->
<testsuite ignored="0" hostname="LAPTOP-2804QP28" failures="0" tests="4" name="Default test" time="68.826" errors="0" timestamp="2021-03-05T22:24:22 GMT">
  <testcase classname="org.qa.IspeakBetter.tests.LoginPageTest" name="veryfyLoginPageTitle" time="0.211"/>
  <testcase classname="org.qa.IspeakBetter.tests.LoginPageTest" name="veryfyLoginPageHeader" time="0.774"/>
  <testcase classname="org.qa.IspeakBetter.tests.LoginPageTest" name="loginTest1" time="4.006"/>
  <testcase classname="org.qa.IspeakBetter.tests.LoginPageTest" name="loginTest2" time="5.308"/>
</testsuite> <!-- Default test -->
